<?xml version="1.0" encoding="UTF-8"?>
<!-- Generated by org.testng.reporters.JUnitReportReporter -->
<testsuite skipped="0" hostname="LAPTOP-CND0JEEU" name="TestRunner" tests="1" failures="0" timestamp="2021-05-09T10:58:58 EDT" time="3.054" errors="0">
  <testcase name="runScenario" time="3.054" classname="TestRunner"/>
  <system-out/>
</testsuite> <!-- TestRunner -->
